<?xml version="1.0" encoding="UTF-8"?>
<!-- Generated by org.testng.reporters.JUnitReportReporter -->
<testsuite hostname="LAPTOP-S6HTUQNT" failures="0" tests="1" name="testpackage.Amazon" time="16.233" errors="0" timestamp="2022-02-21T15:40:17 IST" skipped="0">
  <testcase classname="testpackage.Amazon" name="launch" time="16.233"/>
  <system-out/>
</testsuite> <!-- testpackage.Amazon -->
